<?xml version="1.0" encoding="UTF-8"?>
<!-- Generated by org.testng.reporters.JUnitReportReporter -->
<testsuite hostname="LSIPL07" name="com.cc.startup.Startup" tests="1" failures="0" timestamp="21 May 2020 19:42:29 GMT" time="105.805" errors="0">
  <testcase name="RuntestSuite" time="105.805" classname="com.cc.startup.Startup"/>
</testsuite> <!-- com.cc.startup.Startup -->
