<?xml version="1.0" encoding="UTF-8"?>
<!-- Generated by org.testng.reporters.JUnitReportReporter -->
<testsuite hostname="LSIPL07" name="com.cc.startup.Startup" tests="1" failures="0" timestamp="30 May 2020 08:18:44 GMT" time="129.255" errors="0">
  <testcase name="RuntestSuite" time="129.255" classname="com.cc.startup.Startup"/>
</testsuite> <!-- com.cc.startup.Startup -->
