<?xml version="1.0" encoding="UTF-8"?>
<!-- Generated by org.testng.reporters.JUnitReportReporter -->
<testsuite hostname="LSIPL07" name="com.Su.Testcases.i20ApplicationSanityTest" tests="7" failures="0" timestamp="19 Apr 2020 10:18:32 GMT" time="90.187" errors="0">
  <testcase name="ValidateBCM" time="7.441" classname="com.Su.Testcases.i20ApplicationSanityTest"/>
  <testcase name="ValidatepriceMonitor" time="8.372" classname="com.Su.Testcases.i20ApplicationSanityTest"/>
  <testcase name="ValidateResellermgmt" time="10.047" classname="com.Su.Testcases.i20ApplicationSanityTest"/>
  <testcase name="Validatedetailreports" time="10.906" classname="com.Su.Testcases.i20ApplicationSanityTest"/>
  <testcase name="ValidateSalesAnalysis" time="26.372" classname="com.Su.Testcases.i20ApplicationSanityTest"/>
  <testcase name="ValidateA$E" time="8.242" classname="com.Su.Testcases.i20ApplicationSanityTest"/>
  <testcase name="ValidateHomepage" time="18.807" classname="com.Su.Testcases.i20ApplicationSanityTest"/>
</testsuite> <!-- com.Su.Testcases.i20ApplicationSanityTest -->
