<?xml version="1.0" encoding="UTF-8"?>
<!-- Generated by org.testng.reporters.JUnitReportReporter -->
<testsuite hostname="LSIPL07" name="com.i2o.Testcases.PPDeployemetTesting" tests="1" failures="0" timestamp="26 Jul 2019 11:24:14 GMT" time="28.911" errors="0">
  <testcase name="verifycolourRequestCount" time="28.911" classname="com.i2o.Testcases.PPDeployemetTesting"/>
</testsuite> <!-- com.i2o.Testcases.PPDeployemetTesting -->
