<?xml version="1.0" encoding="UTF-8"?>
<!-- Generated by org.testng.reporters.JUnitReportReporter -->
<testsuite hostname="LSIPL07" name="com.i2o.Testcases.cookieexample" tests="1" failures="0" timestamp="22 Jul 2019 18:37:04 GMT" time="42.443" errors="0">
  <testcase name="initialization" time="42.443" classname="com.i2o.Testcases.cookieexample"/>
</testsuite> <!-- com.i2o.Testcases.cookieexample -->
