<?xml version="1.0" encoding="UTF-8"?>
<!-- Generated by org.testng.reporters.JUnitReportReporter -->
<testsuite hostname="LSIPL07" name="com.Su.Testcases.i20_VC_Automated_Scripts" tests="1" failures="0" timestamp="14 Nov 2019 05:21:52 GMT" time="130.292" errors="0">
  <testcase name="Validatesalesdata" time="130.292" classname="com.Su.Testcases.i20_VC_Automated_Scripts"/>
</testsuite> <!-- com.Su.Testcases.i20_VC_Automated_Scripts -->
