<?xml version="1.0" encoding="UTF-8"?>
<!-- Generated by org.testng.reporters.JUnitReportReporter -->
<testsuite hostname="LSIPL07" name="com.i2o.Testcases.GoogleStudioTest" tests="1" failures="0" timestamp="30 Jul 2019 11:31:43 GMT" time="43.768" errors="0">
  <testcase name="f" time="43.768" classname="com.i2o.Testcases.GoogleStudioTest"/>
</testsuite> <!-- com.i2o.Testcases.GoogleStudioTest -->
