<?xml version="1.0" encoding="UTF-8"?>
<!-- Generated by org.testng.reporters.JUnitReportReporter -->
<testsuite hostname="LSIPL07" name="com.i2o.Testcases.MEDeployemetRunTesting" tests="1" failures="0" timestamp="7 Nov 2019 19:04:54 GMT" time="86.044" errors="0">
  <testcase name="Validatesalesdata" time="86.044" classname="com.i2o.Testcases.MEDeployemetRunTesting"/>
</testsuite> <!-- com.i2o.Testcases.MEDeployemetRunTesting -->
