<?xml version="1.0" encoding="UTF-8"?>
<!-- Generated by org.testng.reporters.JUnitReportReporter -->
<testsuite hostname="LSIPL07" name="com.i2o.Testcases.LoginTest" tests="1" failures="0" timestamp="8 Nov 2019 08:19:09 GMT" time="42.508" errors="0">
  <testcase name="logintoBQ" time="42.508" classname="com.i2o.Testcases.LoginTest"/>
</testsuite> <!-- com.i2o.Testcases.LoginTest -->
