<?xml version="1.0" encoding="UTF-8"?>
<!-- Generated by org.testng.reporters.JUnitReportReporter -->
<testsuite skipped="0" hostname="LSIPL-05" name="com.spade.testngtestcases.AdminLogin" tests="1" failures="0" timestamp="12 Jun 2019 11:27:01 GMT" time="0.012" errors="0">
  <testcase name="Adminlogintest" time="0.012" classname="com.spade.testngtestcases.AdminLogin"/>
</testsuite> <!-- com.spade.testngtestcases.AdminLogin -->
