<?xml version="1.0" encoding="UTF-8"?>
<!-- Generated by org.testng.reporters.JUnitReportReporter -->
<testsuite skipped="0" hostname="LSIPL07" name="com.cc.startup.Startup" tests="1" failures="0" timestamp="20 May 2020 14:02:47 GMT" time="109.555" errors="0">
  <testcase name="RuntestSuite" time="109.555" classname="com.cc.startup.Startup"/>
</testsuite> <!-- com.cc.startup.Startup -->
