<?xml version="1.0" encoding="UTF-8"?>
<!-- Generated by org.testng.reporters.JUnitReportReporter -->
<testsuite skipped="0" hostname="LSIPL07" name="com.cc.ExecuteBQ.Testexecutor" tests="1" failures="0" timestamp="21 May 2020 15:05:02 GMT" time="52.442" errors="0">
  <testcase name="RuntestSuite" time="52.442" classname="com.cc.ExecuteBQ.Testexecutor"/>
</testsuite> <!-- com.cc.ExecuteBQ.Testexecutor -->
