<?xml version="1.0" encoding="UTF-8"?>
<!-- Generated by org.testng.reporters.JUnitReportReporter -->
<testsuite skipped="0" hostname="LSIPL07" name="com.cc.startup.Startup" tests="1" failures="0" timestamp="29 May 2020 18:32:13 GMT" time="79.055" errors="0">
  <testcase name="RuntestSuite" time="79.055" classname="com.cc.startup.Startup"/>
</testsuite> <!-- com.cc.startup.Startup -->
