<?xml version="1.0" encoding="UTF-8"?>
<!-- Generated by org.testng.reporters.JUnitReportReporter -->
<testsuite skipped="0" hostname="LSIPL07" name="com.cc.startup.Startup" tests="1" failures="0" timestamp="21 May 2020 19:38:52 GMT" time="8.679" errors="0">
  <testcase name="RuntestSuite" time="8.679" classname="com.cc.startup.Startup"/>
</testsuite> <!-- com.cc.startup.Startup -->
