<?xml version="1.0" encoding="UTF-8"?>
<!-- Generated by org.testng.reporters.JUnitReportReporter -->
<testsuite skipped="0" hostname="LSIPL07" name="com.spade.startup.NewTest" tests="1" failures="0" timestamp="17 May 2020 10:52:32 GMT" time="28.914" errors="0">
  <testcase name="f" time="28.914" classname="com.spade.startup.NewTest"/>
</testsuite> <!-- com.spade.startup.NewTest -->
