<?xml version="1.0" encoding="UTF-8"?>
<!-- Generated by org.testng.reporters.JUnitReportReporter -->
<testsuite skipped="0" hostname="LSIPL07" name="com.cc.startup.Startup" tests="1" failures="0" timestamp="06 Jun 2020 19:33:02 GMT" time="408.756" errors="0">
  <testcase name="RuntestSuite" time="408.756" classname="com.cc.startup.Startup"/>
</testsuite> <!-- com.cc.startup.Startup -->
