<?xml version="1.0" encoding="UTF-8"?>
<!-- Generated by org.testng.reporters.JUnitReportReporter -->
<testsuite skipped="1" hostname="LSIPL-05" name="com.spade.testcases.Login" tests="2" failures="0" timestamp="11 Jun 2019 09:38:14 GMT" time="23.567" errors="0">
  <testcase name="test" time="23.567" classname="com.spade.testcases.Login"/>
  <testcase name="testlogin" classname="com.spade.testcases.Login">
    <skipped/>
  </testcase> <!-- testlogin -->
</testsuite> <!-- com.spade.testcases.Login -->
