<?xml version="1.0" encoding="UTF-8"?>
<!-- Generated by org.testng.reporters.JUnitReportReporter -->
<testsuite skipped="0" hostname="LSIPL07" name="com.spade.testcases.NewTest" tests="1" failures="0" timestamp="17 Jun 2019 12:32:35 GMT" time="0.615" errors="0">
  <testcase name="f" time="0.615" classname="com.spade.testcases.NewTest"/>
</testsuite> <!-- com.spade.testcases.NewTest -->
